<?xml version="1.0" encoding="UTF-8"?>
<!-- Generated by org.testng.reporters.JUnitXMLReporter -->
<testsuite ignored="0" hostname="SVL" failures="0" tests="14" name="Default test" time="44.135" errors="0" timestamp="2023-05-10T13:02:06 IST">
  <testcase classname="testNgTestsExecution.HomePageTestt" name="hoverOnPages" time="0.533"/>
  <testcase classname="testNgTestsExecution.HomePageTestt" name="clickHome" time="0.529"/>
  <testcase classname="testNgTestsExecution.HomePageTestt" name="clickContact" time="9.293"/>
  <testcase classname="testNgTestsExecution.HomePageTestt" name="acceptAlert" time="0.117"/>
  <testcase classname="testNgTestsExecution.HomePageTestt" name="accepgeoLocation" time="19.089"/>
  <testcase classname="testNgTestsExecution.HomePageTestt" name="subscribeEssence" time="0.852"/>
  <testcase classname="testNgTestsExecution.HomePageTestt" name="hoverOnShopSelectDresses" time="2.093"/>
  <testcase classname="testNgTestsExecution.HomePageTestt" name="selectAproductAndClickAddToCart" time="1.127"/>
  <testcase classname="testNgTestsExecution.HomePageTestt" name="goToCheckout" time="2.52"/>
  <testcase classname="testNgTestsExecution.HomePageTestt" name="enterBillingAddressDetails" time="1.763"/>
  <testcase classname="testNgTestsExecution.HomePageTestt" name="selectPayment" time="1.387"/>
  <testcase classname="testNgTestsExecution.HomePageTestt" name="clickOnPlaceOrder" time="0.324"/>
  <testcase classname="testNgTestsExecution.HomePageTestt" name="acceptConditions" time="0.365"/>
  <testcase classname="testNgTestsExecution.HomePageTestt" name="checkboxesConditions" time="0.475"/>
</testsuite> <!-- Default test -->
